<?xml version="1.0" encoding="UTF-8"?>
<testng-results skipped="0" failed="1" ignored="0" total="1" passed="0">
  <reporter-output>
  </reporter-output>
  <suite name="Default suite" duration-ms="80544" started-at="2018-03-20T17:19:39Z" finished-at="2018-03-20T17:21:00Z">
    <groups>
    </groups>
    <test name="Default test" duration-ms="80544" started-at="2018-03-20T17:19:39Z" finished-at="2018-03-20T17:21:00Z">
      <class name="BlueOtter.Interana.Test.VerifyGraphGeneration">
        <test-method status="PASS" signature="before()[pri:0, instance:BlueOtter.Interana.Test.VerifyGraphGeneration@61832929]" name="before" is-config="true" duration-ms="10731" started-at="2018-03-20T17:19:39Z" finished-at="2018-03-20T17:19:50Z">
          <reporter-output>
          </reporter-output>
        </test-method> <!-- before -->
        <test-method status="FAIL" signature="test()[pri:0, instance:BlueOtter.Interana.Test.VerifyGraphGeneration@61832929]" name="test" duration-ms="69768" started-at="2018-03-20T17:19:50Z" finished-at="2018-03-20T17:21:00Z">
          <exception class="org.openqa.selenium.NoSuchElementException">
            <message>
              <![CDATA[Unable to locate element: //div[contains(@class,'metricsWidget')]//div[@class='search-result']//ol//li//span[text()='user']
For documentation on this error, please visit: http://seleniumhq.org/exceptions/no_such_element.html
Build info: version: '3.6.0', revision: '6fbf3ec767', time: '2017-09-27T15:28:36.4Z'
System info: host: 'PHOPHAOHOA-PC', ip: '192.168.100.18', os.name: 'Windows 7', os.arch: 'amd64', os.version: '6.1', java.version: '1.8.0_144'
Driver info: org.openqa.selenium.firefox.FirefoxDriver
Capabilities [{moz:profile=C:\Users\PHOPHA~1\AppData\Local\Temp\rust_mozprofile.ZrNnl8wAhImb, rotatable=false, timeouts={implicit=0, pageLoad=300000, script=30000}, pageLoadStrategy=normal, platform=XP, specificationLevel=0, moz:accessibilityChecks=false, acceptInsecureCerts=true, browserVersion=54.0.1, platformVersion=6.1, moz:processID=119160, browserName=firefox, javascriptEnabled=true, platformName=XP}]
Session ID: aa8fbbdc-c9b2-485f-a98c-5278bc97d62f
*** Element info: {Using=xpath, value=//div[contains(@class,'metricsWidget')]//div[@class='search-result']//ol//li//span[text()='user']}]]>
            </message>
            <full-stacktrace>
              <![CDATA[org.openqa.selenium.NoSuchElementException: Unable to locate element: //div[contains(@class,'metricsWidget')]//div[@class='search-result']//ol//li//span[text()='user']
For documentation on this error, please visit: http://seleniumhq.org/exceptions/no_such_element.html
Build info: version: '3.6.0', revision: '6fbf3ec767', time: '2017-09-27T15:28:36.4Z'
System info: host: 'PHOPHAOHOA-PC', ip: '192.168.100.18', os.name: 'Windows 7', os.arch: 'amd64', os.version: '6.1', java.version: '1.8.0_144'
Driver info: org.openqa.selenium.firefox.FirefoxDriver
Capabilities [{moz:profile=C:\Users\PHOPHA~1\AppData\Local\Temp\rust_mozprofile.ZrNnl8wAhImb, rotatable=false, timeouts={implicit=0, pageLoad=300000, script=30000}, pageLoadStrategy=normal, platform=XP, specificationLevel=0, moz:accessibilityChecks=false, acceptInsecureCerts=true, browserVersion=54.0.1, platformVersion=6.1, moz:processID=119160, browserName=firefox, javascriptEnabled=true, platformName=XP}]
Session ID: aa8fbbdc-c9b2-485f-a98c-5278bc97d62f
*** Element info: {Using=xpath, value=//div[contains(@class,'metricsWidget')]//div[@class='search-result']//ol//li//span[text()='user']}
at sun.reflect.NativeConstructorAccessorImpl.newInstance0(Native Method)
at sun.reflect.NativeConstructorAccessorImpl.newInstance(Unknown Source)
at sun.reflect.DelegatingConstructorAccessorImpl.newInstance(Unknown Source)
at java.lang.reflect.Constructor.newInstance(Unknown Source)
at org.openqa.selenium.remote.http.W3CHttpResponseCodec.createException(W3CHttpResponseCodec.java:185)
at org.openqa.selenium.remote.http.W3CHttpResponseCodec.decode(W3CHttpResponseCodec.java:120)
at org.openqa.selenium.remote.http.W3CHttpResponseCodec.decode(W3CHttpResponseCodec.java:49)
at org.openqa.selenium.remote.HttpCommandExecutor.execute(HttpCommandExecutor.java:164)
at org.openqa.selenium.remote.service.DriverCommandExecutor.execute(DriverCommandExecutor.java:83)
at org.openqa.selenium.remote.RemoteWebDriver.execute(RemoteWebDriver.java:586)
at org.openqa.selenium.remote.RemoteWebDriver.findElement(RemoteWebDriver.java:356)
at org.openqa.selenium.remote.RemoteWebDriver.findElementByXPath(RemoteWebDriver.java:458)
at org.openqa.selenium.By$ByXPath.findElement(By.java:361)
at org.openqa.selenium.remote.RemoteWebDriver.findElement(RemoteWebDriver.java:348)
at BlueOtter.Interana.PageObject.ExploreFrame.selectFirstBoxByVisibleText(ExploreFrame.java:92)
at BlueOtter.Interana.Test.VerifyGraphGeneration.test(VerifyGraphGeneration.java:65)
at sun.reflect.NativeMethodAccessorImpl.invoke0(Native Method)
at sun.reflect.NativeMethodAccessorImpl.invoke(Unknown Source)
at sun.reflect.DelegatingMethodAccessorImpl.invoke(Unknown Source)
at java.lang.reflect.Method.invoke(Unknown Source)
at org.testng.internal.MethodInvocationHelper.invokeMethod(MethodInvocationHelper.java:124)
at org.testng.internal.Invoker.invokeMethod(Invoker.java:580)
at org.testng.internal.Invoker.invokeTestMethod(Invoker.java:716)
at org.testng.internal.Invoker.invokeTestMethods(Invoker.java:988)
at org.testng.internal.TestMethodWorker.invokeTestMethods(TestMethodWorker.java:125)
at org.testng.internal.TestMethodWorker.run(TestMethodWorker.java:109)
at org.testng.TestRunner.privateRun(TestRunner.java:648)
at org.testng.TestRunner.run(TestRunner.java:505)
at org.testng.SuiteRunner.runTest(SuiteRunner.java:455)
at org.testng.SuiteRunner.runSequentially(SuiteRunner.java:450)
at org.testng.SuiteRunner.privateRun(SuiteRunner.java:415)
at org.testng.SuiteRunner.run(SuiteRunner.java:364)
at org.testng.SuiteRunnerWorker.runSuite(SuiteRunnerWorker.java:52)
at org.testng.SuiteRunnerWorker.run(SuiteRunnerWorker.java:84)
at org.testng.TestNG.runSuitesSequentially(TestNG.java:1208)
at org.testng.TestNG.runSuitesLocally(TestNG.java:1137)
at org.testng.TestNG.runSuites(TestNG.java:1049)
at org.testng.TestNG.run(TestNG.java:1017)
at org.testng.remote.AbstractRemoteTestNG.run(AbstractRemoteTestNG.java:114)
at org.testng.remote.RemoteTestNG.initAndRun(RemoteTestNG.java:251)
at org.testng.remote.RemoteTestNG.main(RemoteTestNG.java:77)
]]>
            </full-stacktrace>
          </exception> <!-- org.openqa.selenium.NoSuchElementException -->
          <reporter-output>
          </reporter-output>
        </test-method> <!-- test -->
        <test-method status="PASS" signature="after()[pri:0, instance:BlueOtter.Interana.Test.VerifyGraphGeneration@61832929]" name="after" is-config="true" duration-ms="0" started-at="2018-03-20T17:21:00Z" finished-at="2018-03-20T17:21:00Z">
          <reporter-output>
          </reporter-output>
        </test-method> <!-- after -->
      </class> <!-- BlueOtter.Interana.Test.VerifyGraphGeneration -->
    </test> <!-- Default test -->
  </suite> <!-- Default suite -->
</testng-results>
